[boreddoge.mintings.art/index.html]
[backblue.gif]
[fade.gif]
[index.html]
[assets-global.website-files.com/61f2b782fb00b31c4710e962/61fed28acbaf17ca3faeb0bd_home-hero-head-e-mob.png]
[boreddoge.mintings.art/images/logo/logo.svg]
[unpkg.com/swiper/swiper-bundle.min.2.delayed]
[unpkg.com/swiper@8.0.6/swiper-bundle.min.css]
[unpkg.com/swiper/swiper-bundle.min.4.delayed]
[unpkg.com/swiper@8.0.6/swiper-bundle.min.js]
[cdnjs.cloudflare.com/ajax/libs/jquery/3.6.0/jquery.min.js]
[cdn.jsdelivr.net/npm/bootstrap@5.1.3/dist/css/bootstrap.min.css]
[boreddoge.mintings.art/stylef8ab.css]
[boreddoge.mintings.art/range.css]
[boreddoge.mintings.art/style2.css]
[cdn.jsdelivr.net/npm/web3@latest/dist/web3.min.js]
[boreddoge.mintings.art/images/cards/1.jpg]
[boreddoge.mintings.art/images/cards/2.jpg]
[boreddoge.mintings.art/images/cards/3.jpg]
[boreddoge.mintings.art/images/cards/4.jpg]
[boreddoge.mintings.art/images/cards/5.jpg]
[boreddoge.mintings.art/images/cards/6.jpg]
[boreddoge.mintings.art/images/cards/7.jpg]
[boreddoge.mintings.art/images/social/social-discord.png]
[boreddoge.mintings.art/images/social/social-twitter.png]
[cdn.jsdelivr.net/npm/@popperjs/core@2.10.2/dist/umd/popper.min.js]
[cdn.jsdelivr.net/npm/bootstrap@5.1.3/dist/js/bootstrap.min.js]
[boreddoge.mintings.art/scripts/animation.js]
[boreddoge.mintings.art/scripts/main61e5.js]
[boreddoge.mintings.art/scripts/range.js]
[boreddoge.mintings.art/scripts/meta.js]
[boreddoge.mintings.art/index.html]
[boreddoge.mintings.art/images/logo/logo.svg]
[unpkg.com/swiper@8.0.6/swiper-bundle.min.css]
[boreddoge.mintings.art/scripts/particles.min.html]
[cdn.jsdelivr.net/npm/bootstrap@5.1.3/dist/css/bootstrap.min.css]
[boreddoge.mintings.art/images/icons/burger-icon.png]
[boreddoge.mintings.art/images/background/faq-background.jpg]
[boreddoge.mintings.art/fonts/MonumentExtended-Regular.otf]
[boreddoge.mintings.art/fonts/MonumentExtended-Ultrabold.otf]
[boreddoge.mintings.art/stylef8ab.css]
[boreddoge.mintings.art/range.css]
[boreddoge.mintings.art/form.css]
[boreddoge.mintings.art/style2.css]
[boreddoge.mintings.art/faq.js]
[boreddoge.mintings.art/scripts/animation.js]
[boreddoge.mintings.art/scripts/main61e5.js]
[boreddoge.mintings.art/scripts/range.js]
[boreddoge.mintings.art/scripts/meta.js]
[boreddoge.mintings.art/scripts/update.js]
